# Logfile created on 2011-01-24 12:53:21 +0100 by logger.rb/25413
REQUESTING PAGE: GET / with {} and HTTP headers {}
REQUESTING PAGE: GET / with {} and HTTP headers {}
REQUESTING PAGE: GET / with {} and HTTP headers {}
REQUESTING PAGE: GET / with {} and HTTP headers {}
REQUESTING PAGE: GET / with {} and HTTP headers {}
REQUESTING PAGE: GET / with {} and HTTP headers {}
REQUESTING PAGE: GET / with {} and HTTP headers {}
REQUESTING PAGE: GET / with {} and HTTP headers {}
REQUESTING PAGE: GET / with {} and HTTP headers {}
REQUESTING PAGE: GET / with {} and HTTP headers {}
REQUESTING PAGE: GET / with {} and HTTP headers {}
REQUESTING PAGE: GET / with {} and HTTP headers {}
REQUESTING PAGE: GET / with {} and HTTP headers {}
REQUESTING PAGE: GET / with {} and HTTP headers {}
REQUESTING PAGE: GET / with {} and HTTP headers {}
REQUESTING PAGE: GET / with {} and HTTP headers {}
REQUESTING PAGE: GET / with {} and HTTP headers {}
REQUESTING PAGE: GET /users/sign_in with {} and HTTP headers {}
REQUESTING PAGE: GET /users/sign_up with {} and HTTP headers {"HTTP_REFERER"=>"/users/sign_in"}
REQUESTING PAGE: GET / with {} and HTTP headers {}
REQUESTING PAGE: GET /users/sign_in with {} and HTTP headers {}
REQUESTING PAGE: GET /users/sign_up with {} and HTTP headers {"HTTP_REFERER"=>"/users/sign_in"}
REQUESTING PAGE: GET / with {} and HTTP headers {}
REQUESTING PAGE: GET /users/sign_in with {} and HTTP headers {}
REQUESTING PAGE: GET /users/sign_up with {} and HTTP headers {"HTTP_REFERER"=>"/users/sign_in"}
REQUESTING PAGE: POST /users with {"utf8"=>"\xE2\x9C\x93", "user"=>{"email"=>"email@example.com", "full_name"=>"John", "password"=>"paSSwd1", "password_confirmation"=>"paSSwd1"}, "commit"=>"Sign up"} and HTTP headers {"HTTP_REFERER"=>"/users/sign_up"}
REQUESTING PAGE: GET / with {} and HTTP headers {}
REQUESTING PAGE: GET /users/sign_in with {} and HTTP headers {}
REQUESTING PAGE: GET /users/sign_up with {} and HTTP headers {"HTTP_REFERER"=>"/users/sign_in"}
REQUESTING PAGE: POST /users with {"utf8"=>"\xE2\x9C\x93", "user"=>{"email"=>"email@example.com", "full_name"=>"John", "password"=>"paSSwd1", "password_confirmation"=>"paSSwd1"}, "commit"=>"Sign up"} and HTTP headers {"HTTP_REFERER"=>"/users/sign_up"}
REQUESTING PAGE: GET / with {} and HTTP headers {}
REQUESTING PAGE: GET /users/sign_in with {} and HTTP headers {}
REQUESTING PAGE: GET /users/sign_up with {} and HTTP headers {"HTTP_REFERER"=>"/users/sign_in"}
REQUESTING PAGE: POST /users with {"utf8"=>"\xE2\x9C\x93", "user"=>{"email"=>"email@example.com", "full_name"=>"John", "password"=>"paSSwd1", "password_confirmation"=>"paSSwd1"}, "commit"=>"Sign up"} and HTTP headers {"HTTP_REFERER"=>"/users/sign_up"}
REQUESTING PAGE: GET / with {} and HTTP headers {}
REQUESTING PAGE: GET http://example.org/users/sign_in with {} and HTTP headers {"HTTP_REFERER"=>"/"}
REQUESTING PAGE: GET /users/sign_in with {} and HTTP headers {}
REQUESTING PAGE: GET /users/sign_up with {} and HTTP headers {"HTTP_REFERER"=>"/users/sign_in"}
REQUESTING PAGE: POST /users with {"utf8"=>"\xE2\x9C\x93", "user"=>{"email"=>"email@example.com", "full_name"=>"John", "password"=>"paSSwd1", "password_confirmation"=>"paSSwd1"}, "commit"=>"Sign up"} and HTTP headers {"HTTP_REFERER"=>"/users/sign_up"}
REQUESTING PAGE: GET http://example.org/ with {} and HTTP headers {"HTTP_REFERER"=>"/users"}
REQUESTING PAGE: GET / with {} and HTTP headers {}
REQUESTING PAGE: GET http://example.org/users/sign_in with {} and HTTP headers {"HTTP_REFERER"=>"/"}
REQUESTING PAGE: GET /users/sign_in with {} and HTTP headers {}
REQUESTING PAGE: GET /users/sign_up with {} and HTTP headers {"HTTP_REFERER"=>"/users/sign_in"}
REQUESTING PAGE: POST /users with {"utf8"=>"\xE2\x9C\x93", "user"=>{"email"=>"email@example.com", "full_name"=>"John", "password"=>"paSSwd1", "password_confirmation"=>"paSSwd1"}, "commit"=>"Sign up"} and HTTP headers {"HTTP_REFERER"=>"/users/sign_up"}
REQUESTING PAGE: GET http://example.org/ with {} and HTTP headers {"HTTP_REFERER"=>"/users"}
REQUESTING PAGE: GET /users/sign_up with {} and HTTP headers {}
REQUESTING PAGE: POST /users with {"utf8"=>"\xE2\x9C\x93", "user"=>{"email"=>"email@example.com", "full_name"=>"John", "password"=>"paSSwd1", "password_confirmation"=>"paSSwd1"}, "commit"=>"Sign up"} and HTTP headers {"HTTP_REFERER"=>"/users/sign_up"}
REQUESTING PAGE: GET http://example.org/ with {} and HTTP headers {"HTTP_REFERER"=>"/users"}
REQUESTING PAGE: GET /users/sign_up with {} and HTTP headers {}
REQUESTING PAGE: POST /users with {"utf8"=>"\xE2\x9C\x93", "user"=>{"email"=>"email@example.com", "full_name"=>"John M.", "password"=>"paSSw00rd", "password_confirmation"=>"paSSw00rd"}, "commit"=>"Sign up"} and HTTP headers {"HTTP_REFERER"=>"/users/sign_up"}
REQUESTING PAGE: GET http://example.org/ with {} and HTTP headers {"HTTP_REFERER"=>"/users"}
REQUESTING PAGE: GET /users/sign_up with {} and HTTP headers {}
REQUESTING PAGE: POST /users with {"utf8"=>"\xE2\x9C\x93", "user"=>{"email"=>"", "full_name"=>"John M.", "password"=>"paSSw00rd", "password_confirmation"=>"paSSw00rd"}, "commit"=>"Sign up"} and HTTP headers {"HTTP_REFERER"=>"/users/sign_up"}
REQUESTING PAGE: GET /users/sign_up with {} and HTTP headers {}
REQUESTING PAGE: POST /users with {"utf8"=>"\xE2\x9C\x93", "user"=>{"email"=>"invalid", "full_name"=>"John M.", "password"=>"paSSw00rd", "password_confirmation"=>"paSSw00rd"}, "commit"=>"Sign up"} and HTTP headers {"HTTP_REFERER"=>"/users/sign_up"}
REQUESTING PAGE: GET /users/sign_up with {} and HTTP headers {}
REQUESTING PAGE: POST /users with {"utf8"=>"\xE2\x9C\x93", "user"=>{"email"=>"email@example.com", "full_name"=>"John M.", "password"=>"", "password_confirmation"=>""}, "commit"=>"Sign up"} and HTTP headers {"HTTP_REFERER"=>"/users/sign_up"}
REQUESTING PAGE: GET /users/sign_up with {} and HTTP headers {}
REQUESTING PAGE: POST /users with {"utf8"=>"\xE2\x9C\x93", "user"=>{"email"=>"email@example.com", "full_name"=>"John M.", "password"=>"pass", "password_confirmation"=>"pass"}, "commit"=>"Sign up"} and HTTP headers {"HTTP_REFERER"=>"/users/sign_up"}
REQUESTING PAGE: GET /users/sign_up with {} and HTTP headers {}
REQUESTING PAGE: POST /users with {"utf8"=>"\xE2\x9C\x93", "user"=>{"email"=>"email@example.com", "full_name"=>"John M.", "password"=>"pass1pass2pass3pass4p", "password_confirmation"=>"pass1pass2pass3pass4p"}, "commit"=>"Sign up"} and HTTP headers {"HTTP_REFERER"=>"/users/sign_up"}
REQUESTING PAGE: GET /users/sign_up with {} and HTTP headers {}
REQUESTING PAGE: POST /users with {"utf8"=>"\xE2\x9C\x93", "user"=>{"email"=>"email@example.com", "full_name"=>"John M.", "password"=>"password", "password_confirmation"=>"password"}, "commit"=>"Sign up"} and HTTP headers {"HTTP_REFERER"=>"/users/sign_up"}
REQUESTING PAGE: GET http://example.org/ with {} and HTTP headers {"HTTP_REFERER"=>"/users"}
REQUESTING PAGE: GET /users/sign_up with {} and HTTP headers {}
REQUESTING PAGE: POST /users with {"utf8"=>"\xE2\x9C\x93", "user"=>{"email"=>"email@example.com", "full_name"=>"John M.", "password"=>"paSSw00rd", "password_confirmation"=>"paSSw00rd"}, "commit"=>"Sign up"} and HTTP headers {"HTTP_REFERER"=>"/users/sign_up"}
REQUESTING PAGE: GET http://example.org/ with {} and HTTP headers {"HTTP_REFERER"=>"/users"}
REQUESTING PAGE: GET /users/sign_up with {} and HTTP headers {}
REQUESTING PAGE: POST /users with {"utf8"=>"\xE2\x9C\x93", "user"=>{"email"=>"", "full_name"=>"John M.", "password"=>"paSSw00rd", "password_confirmation"=>"paSSw00rd"}, "commit"=>"Sign up"} and HTTP headers {"HTTP_REFERER"=>"/users/sign_up"}
REQUESTING PAGE: GET /users/sign_up with {} and HTTP headers {}
REQUESTING PAGE: POST /users with {"utf8"=>"\xE2\x9C\x93", "user"=>{"email"=>"invalid", "full_name"=>"John M.", "password"=>"paSSw00rd", "password_confirmation"=>"paSSw00rd"}, "commit"=>"Sign up"} and HTTP headers {"HTTP_REFERER"=>"/users/sign_up"}
REQUESTING PAGE: GET /users/sign_up with {} and HTTP headers {}
REQUESTING PAGE: POST /users with {"utf8"=>"\xE2\x9C\x93", "user"=>{"email"=>"email@example.com", "full_name"=>"John M.", "password"=>"", "password_confirmation"=>""}, "commit"=>"Sign up"} and HTTP headers {"HTTP_REFERER"=>"/users/sign_up"}
REQUESTING PAGE: GET /users/sign_up with {} and HTTP headers {}
REQUESTING PAGE: POST /users with {"utf8"=>"\xE2\x9C\x93", "user"=>{"email"=>"email@example.com", "full_name"=>"John M.", "password"=>"pass", "password_confirmation"=>"pass"}, "commit"=>"Sign up"} and HTTP headers {"HTTP_REFERER"=>"/users/sign_up"}
REQUESTING PAGE: GET /users/sign_up with {} and HTTP headers {}
REQUESTING PAGE: POST /users with {"utf8"=>"\xE2\x9C\x93", "user"=>{"email"=>"email@example.com", "full_name"=>"John M.", "password"=>"pass1pass2pass3pass4p", "password_confirmation"=>"pass1pass2pass3pass4p"}, "commit"=>"Sign up"} and HTTP headers {"HTTP_REFERER"=>"/users/sign_up"}
REQUESTING PAGE: GET /users/sign_up with {} and HTTP headers {}
REQUESTING PAGE: POST /users with {"utf8"=>"\xE2\x9C\x93", "user"=>{"email"=>"email@example.com", "full_name"=>"John M.", "password"=>"password", "password_confirmation"=>"password"}, "commit"=>"Sign up"} and HTTP headers {"HTTP_REFERER"=>"/users/sign_up"}
REQUESTING PAGE: GET /users/sign_up with {} and HTTP headers {}
REQUESTING PAGE: POST /users with {"utf8"=>"\xE2\x9C\x93", "user"=>{"email"=>"email@example.com", "full_name"=>"John M.", "password"=>"paSSw00rd", "password_confirmation"=>"paSSw00rd"}, "commit"=>"Sign up"} and HTTP headers {"HTTP_REFERER"=>"/users/sign_up"}
REQUESTING PAGE: GET http://example.org/ with {} and HTTP headers {"HTTP_REFERER"=>"/users"}
REQUESTING PAGE: GET /users/sign_up with {} and HTTP headers {}
REQUESTING PAGE: POST /users with {"utf8"=>"\xE2\x9C\x93", "user"=>{"email"=>"", "full_name"=>"John M.", "password"=>"paSSw00rd", "password_confirmation"=>"paSSw00rd"}, "commit"=>"Sign up"} and HTTP headers {"HTTP_REFERER"=>"/users/sign_up"}
REQUESTING PAGE: GET /users/sign_up with {} and HTTP headers {}
REQUESTING PAGE: POST /users with {"utf8"=>"\xE2\x9C\x93", "user"=>{"email"=>"invalid", "full_name"=>"John M.", "password"=>"paSSw00rd", "password_confirmation"=>"paSSw00rd"}, "commit"=>"Sign up"} and HTTP headers {"HTTP_REFERER"=>"/users/sign_up"}
REQUESTING PAGE: GET /users/sign_up with {} and HTTP headers {}
REQUESTING PAGE: POST /users with {"utf8"=>"\xE2\x9C\x93", "user"=>{"email"=>"email@example.com", "full_name"=>"John M.", "password"=>"", "password_confirmation"=>""}, "commit"=>"Sign up"} and HTTP headers {"HTTP_REFERER"=>"/users/sign_up"}
REQUESTING PAGE: GET /users/sign_up with {} and HTTP headers {}
REQUESTING PAGE: POST /users with {"utf8"=>"\xE2\x9C\x93", "user"=>{"email"=>"email@example.com", "full_name"=>"John M.", "password"=>"pass", "password_confirmation"=>"pass"}, "commit"=>"Sign up"} and HTTP headers {"HTTP_REFERER"=>"/users/sign_up"}
REQUESTING PAGE: GET /users/sign_up with {} and HTTP headers {}
REQUESTING PAGE: POST /users with {"utf8"=>"\xE2\x9C\x93", "user"=>{"email"=>"email@example.com", "full_name"=>"John M.", "password"=>"pass1pass2pass3pass4p", "password_confirmation"=>"pass1pass2pass3pass4p"}, "commit"=>"Sign up"} and HTTP headers {"HTTP_REFERER"=>"/users/sign_up"}
REQUESTING PAGE: GET /users/sign_up with {} and HTTP headers {}
REQUESTING PAGE: POST /users with {"utf8"=>"\xE2\x9C\x93", "user"=>{"email"=>"email@example.com", "full_name"=>"John M.", "password"=>"password", "password_confirmation"=>"password"}, "commit"=>"Sign up"} and HTTP headers {"HTTP_REFERER"=>"/users/sign_up"}
